# JRE version: OpenJDK Runtime Environment Homebrew (11.0.12) (build 11.0.12+0)
# Java VM: OpenJDK 64-Bit Server VM Homebrew (11.0.12+0, mixed mode, tiered, compressed oops, g1 gc, bsd-aarch64)
Heap:
 garbage-first heap   total 262144K, used 89192K [0x00000007d0800000, 0x00000007f0800000)
  region size 1024K, 42 young (43008K), 19 survivors (19456K)
 Metaspace       used 80827K, capacity 83067K, committed 83328K, reserved 327680K
  class space    used 10309K, capacity 11093K, committed 11136K, reserved 253952K
GC Heap History (20 events):
Event: 68.404 GC heap before
{Heap before GC invocations=13 (full 0):
 garbage-first heap   total 262144K, used 183526K [0x00000007d0800000, 0x00000007f0800000)
  region size 1024K, 153 young (156672K), 12 survivors (12288K)
 Metaspace       used 69824K, capacity 71689K, committed 72064K, reserved 317440K
  class space    used 9063K, capacity 9736K, committed 9856K, reserved 253952K
}
Event: 68.411 GC heap after
{Heap after GC invocations=14 (full 0):
 garbage-first heap   total 262144K, used 45281K [0x00000007d0800000, 0x00000007f0800000)
  region size 1024K, 12 young (12288K), 12 survivors (12288K)
 Metaspace       used 69824K, capacity 71689K, committed 72064K, reserved 317440K
  class space    used 9063K, capacity 9736K, committed 9856K, reserved 253952K
}
Event: 69.240 GC heap before
{Heap before GC invocations=14 (full 0):
 garbage-first heap   total 262144K, used 188641K [0x00000007d0800000, 0x00000007f0800000)
  region size 1024K, 153 young (156672K), 12 survivors (12288K)
 Metaspace       used 70679K, capacity 72546K, committed 72832K, reserved 317440K
  class space    used 9100K, capacity 9799K, committed 9856K, reserved 253952K
}
Event: 69.245 GC heap after
{Heap after GC invocations=15 (full 0):
 garbage-first heap   total 262144K, used 48934K [0x00000007d0800000, 0x00000007f0800000)
  region size 1024K, 14 young (14336K), 14 survivors (14336K)
 Metaspace       used 70679K, capacity 72546K, committed 72832K, reserved 317440K
  class space    used 9100K, capacity 9799K, committed 9856K, reserved 253952K
}
Event: 80.597 GC heap before
{Heap before GC invocations=15 (full 0):
 garbage-first heap   total 262144K, used 192294K [0x00000007d0800000, 0x00000007f0800000)
  region size 1024K, 153 young (156672K), 14 survivors (14336K)
 Metaspace       used 71195K, capacity 73113K, committed 73344K, reserved 317440K
  class space    used 9125K, capacity 9835K, committed 9856K, reserved 253952K
}
Event: 80.602 GC heap after
{Heap after GC invocations=16 (full 0):
 garbage-first heap   total 262144K, used 50830K [0x00000007d0800000, 0x00000007f0800000)
  region size 1024K, 10 young (10240K), 10 survivors (10240K)
 Metaspace       used 71195K, capacity 73113K, committed 73344K, reserved 317440K
  class space    used 9125K, capacity 9835K, committed 9856K, reserved 253952K
}
Event: 80.813 GC heap before
{Heap before GC invocations=16 (full 0):
 garbage-first heap   total 262144K, used 197262K [0x00000007d0800000, 0x00000007f0800000)
  region size 1024K, 153 young (156672K), 10 survivors (10240K)
 Metaspace       used 71212K, capacity 73113K, committed 73344K, reserved 317440K
  class space    used 9125K, capacity 9835K, committed 9856K, reserved 253952K
}
Event: 80.816 GC heap after
{Heap after GC invocations=17 (full 0):
 garbage-first heap   total 262144K, used 49430K [0x00000007d0800000, 0x00000007f0800000)
  region size 1024K, 10 young (10240K), 10 survivors (10240K)
 Metaspace       used 71212K, capacity 73113K, committed 73344K, reserved 317440K
  class space    used 9125K, capacity 9835K, committed 9856K, reserved 253952K
}
Event: 81.013 GC heap before
{Heap before GC invocations=17 (full 0):
 garbage-first heap   total 262144K, used 195862K [0x00000007d0800000, 0x00000007f0800000)
  region size 1024K, 153 young (156672K), 10 survivors (10240K)
 Metaspace       used 71216K, capacity 73113K, committed 73344K, reserved 317440K
  class space    used 9125K, capacity 9835K, committed 9856K, reserved 253952K
}
Event: 81.019 GC heap after
{Heap after GC invocations=18 (full 0):
 garbage-first heap   total 262144K, used 49410K [0x00000007d0800000, 0x00000007f0800000)
  region size 1024K, 10 young (10240K), 10 survivors (10240K)
 Metaspace       used 71216K, capacity 73113K, committed 73344K, reserved 317440K
  class space    used 9125K, capacity 9835K, committed 9856K, reserved 253952K
}
Event: 81.243 GC heap before
{Heap before GC invocations=18 (full 0):
 garbage-first heap   total 262144K, used 195842K [0x00000007d0800000, 0x00000007f0800000)
  region size 1024K, 153 young (156672K), 10 survivors (10240K)
 Metaspace       used 71218K, capacity 73113K, committed 73344K, reserved 317440K
  class space    used 9125K, capacity 9835K, committed 9856K, reserved 253952K
}
Event: 81.248 GC heap after
{Heap after GC invocations=19 (full 0):
 garbage-first heap   total 262144K, used 49623K [0x00000007d0800000, 0x00000007f0800000)
  region size 1024K, 10 young (10240K), 10 survivors (10240K)
 Metaspace       used 71218K, capacity 73113K, committed 73344K, reserved 317440K
  class space    used 9125K, capacity 9835K, committed 9856K, reserved 253952K
}
Event: 81.528 GC heap before
{Heap before GC invocations=19 (full 0):
 garbage-first heap   total 262144K, used 196055K [0x00000007d0800000, 0x00000007f0800000)
  region size 1024K, 153 young (156672K), 10 survivors (10240K)
 Metaspace       used 71221K, capacity 73113K, committed 73344K, reserved 317440K
  class space    used 9125K, capacity 9835K, committed 9856K, reserved 253952K
}
Event: 81.533 GC heap after
{Heap after GC invocations=20 (full 0):
 garbage-first heap   total 262144K, used 49620K [0x00000007d0800000, 0x00000007f0800000)
  region size 1024K, 10 young (10240K), 10 survivors (10240K)
 Metaspace       used 71221K, capacity 73113K, committed 73344K, reserved 317440K
  class space    used 9125K, capacity 9835K, committed 9856K, reserved 253952K
}
Event: 260.531 GC heap before
{Heap before GC invocations=20 (full 0):
 garbage-first heap   total 262144K, used 196052K [0x00000007d0800000, 0x00000007f0800000)
  region size 1024K, 153 young (156672K), 10 survivors (10240K)
 Metaspace       used 78250K, capacity 80358K, committed 80512K, reserved 323584K
  class space    used 10074K, capacity 10864K, committed 10880K, reserved 253952K
}
Event: 260.539 GC heap after
{Heap after GC invocations=21 (full 0):
 garbage-first heap   total 262144K, used 49824K [0x00000007d0800000, 0x00000007f0800000)
  region size 1024K, 10 young (10240K), 10 survivors (10240K)
 Metaspace       used 78250K, capacity 80358K, committed 80512K, reserved 323584K
  class space    used 10074K, capacity 10864K, committed 10880K, reserved 253952K
}
Event: 357.843 GC heap before
{Heap before GC invocations=21 (full 0):
 garbage-first heap   total 262144K, used 196256K [0x00000007d0800000, 0x00000007f0800000)
  region size 1024K, 153 young (156672K), 10 survivors (10240K)
 Metaspace       used 79157K, capacity 81403K, committed 81664K, reserved 325632K
  class space    used 10123K, capacity 10921K, committed 11008K, reserved 253952K
}
Event: 357.849 GC heap after
{Heap after GC invocations=22 (full 0):
 garbage-first heap   total 262144K, used 57250K [0x00000007d0800000, 0x00000007f0800000)
  region size 1024K, 16 young (16384K), 16 survivors (16384K)
 Metaspace       used 79157K, capacity 81403K, committed 81664K, reserved 325632K
  class space    used 10123K, capacity 10921K, committed 11008K, reserved 253952K
}
Event: 358.106 GC heap before
{Heap before GC invocations=22 (full 0):
 garbage-first heap   total 262144K, used 197538K [0x00000007d0800000, 0x00000007f0800000)
  region size 1024K, 153 young (156672K), 16 survivors (16384K)
 Metaspace       used 80823K, capacity 83067K, committed 83328K, reserved 327680K
  class space    used 10309K, capacity 11093K, committed 11136K, reserved 253952K
}
Event: 358.119 GC heap after
{Heap after GC invocations=23 (full 0):
 garbage-first heap   total 262144K, used 66664K [0x00000007d0800000, 0x00000007f0800000)
  region size 1024K, 19 young (19456K), 19 survivors (19456K)
 Metaspace       used 80823K, capacity 83067K, committed 83328K, reserved 327680K
  class space    used 10309K, capacity 11093K, committed 11136K, reserved 253952K
}

